<component name="libraryTable">
  <library name="junit-4.11-SNAPSHOT-20120805-1225">
    <CLASSES>
      <root url="jar://$USER_HOME$/Downloads/junit-4.11-SNAPSHOT-20120805-1225.jar!/" />
    </CLASSES>
    <JAVADOC />
    <SOURCES />
  </library>
</component>